<?xml version="1.0" encoding="UTF-8"?>
<testng-results ignored="0" total="1" passed="1" failed="0" skipped="0">
  <reporter-output>
  </reporter-output>
  <suite started-at="2026-07-30T20:31:23 BRT" name="Default suite" finished-at="2026-07-30T20:32:06 BRT" duration-ms="43535">
    <groups>
    </groups>
    <test started-at="2026-07-30T20:31:23 BRT" name="Default test" finished-at="2026-07-30T20:32:06 BRT" duration-ms="43535">
      <class name="mobileautomation.Appium.DragDropDemo">
        <test-method is-config="true" signature="ConfigureAppium()[pri:0, instance:mobileautomation.Appium.DragDropDemo@742ff096]" started-at="2026-07-30T20:31:23 BRT" name="ConfigureAppium" finished-at="2026-07-30T20:31:31 BRT" duration-ms="8431" status="PASS">
          <reporter-output>
          </reporter-output>
        </test-method> <!-- ConfigureAppium -->
        <test-method signature="DragDropTest()[pri:0, instance:mobileautomation.Appium.DragDropDemo@742ff096]" started-at="2026-07-30T20:31:31 BRT" name="DragDropTest" finished-at="2026-07-30T20:32:06 BRT" duration-ms="35050" status="PASS">
          <reporter-output>
          </reporter-output>
        </test-method> <!-- DragDropTest -->
        <test-method is-config="true" signature="tearDown()[pri:0, instance:mobileautomation.Appium.DragDropDemo@742ff096]" started-at="2026-07-30T20:32:06 BRT" name="tearDown" finished-at="2026-07-30T20:32:06 BRT" duration-ms="1" status="PASS">
          <reporter-output>
          </reporter-output>
        </test-method> <!-- tearDown -->
      </class> <!-- mobileautomation.Appium.DragDropDemo -->
    </test> <!-- Default test -->
  </suite> <!-- Default suite -->
</testng-results>
